This file contains any messages produced by compilers while
running configure, to aid debugging if configure makes a mistake.

It was created by configure, which was
generated by GNU Autoconf 2.69.  Invocation command line was

  $ ./configure --enable-shared --enable-static --prefix=/home/martinez/workspace/pyseg_git/pyseg_system/sys/soft/cfitsio

## --------- ##
## Platform. ##
## --------- ##

hostname = martinez-laptop
uname -m = x86_64
uname -r = 4.15.0-70-generic
uname -s = Linux
uname -v = #79-Ubuntu SMP Tue Nov 12 10:36:11 UTC 2019

/usr/bin/uname -p = unknown
/bin/uname -X     = unknown

/bin/arch              = unknown
/usr/bin/arch -k       = unknown
/usr/convex/getsysinfo = unknown
/usr/bin/hostinfo      = unknown
/bin/machine           = unknown
/usr/bin/oslevel       = unknown
/bin/universe          = unknown

PATH: /home/martinez/workspace/pyseg_git/pyseg_system/sys/soft/disperse/bin
PATH: /home/martinez/apps/pycharm/pycharm-community-2017.1/bin
PATH: /home/martinez/anaconda2/bin
PATH: /usr/local/sbin
PATH: /usr/local/bin
PATH: /usr/sbin
PATH: /usr/bin
PATH: /sbin
PATH: /bin
PATH: /usr/games
PATH: /usr/local/games
PATH: /snap/bin


## ----------- ##
## Core tests. ##
## ----------- ##

configure:2107: checking build system type
configure:2121: result: x86_64-unknown-linux-gnu
configure:2141: checking host system type
configure:2154: result: x86_64-unknown-linux-gnu
configure:2174: checking target system type
configure:2187: result: x86_64-unknown-linux-gnu
configure:2346: checking for gcc
configure:2362: found /usr/bin/gcc
configure:2373: result: gcc
configure:2602: checking for C compiler version
configure:2611: gcc --version >&5
gcc (Ubuntu 7.4.0-1ubuntu1~18.04.1) 7.4.0
Copyright (C) 2017 Free Software Foundation, Inc.
This is free software; see the source for copying conditions.  There is NO
warranty; not even for MERCHANTABILITY or FITNESS FOR A PARTICULAR PURPOSE.

configure:2622: $? = 0
configure:2611: gcc -v >&5
Using built-in specs.
COLLECT_GCC=gcc
COLLECT_LTO_WRAPPER=/usr/lib/gcc/x86_64-linux-gnu/7/lto-wrapper
OFFLOAD_TARGET_NAMES=nvptx-none
OFFLOAD_TARGET_DEFAULT=1
Target: x86_64-linux-gnu
Configured with: ../src/configure -v --with-pkgversion='Ubuntu 7.4.0-1ubuntu1~18.04.1' --with-bugurl=file:///usr/share/doc/gcc-7/README.Bugs --enable-languages=c,ada,c++,go,brig,d,fortran,objc,obj-c++ --prefix=/usr --with-gcc-major-version-only --program-suffix=-7 --program-prefix=x86_64-linux-gnu- --enable-shared --enable-linker-build-id --libexecdir=/usr/lib --without-included-gettext --enable-threads=posix --libdir=/usr/lib --enable-nls --with-sysroot=/ --enable-clocale=gnu --enable-libstdcxx-debug --enable-libstdcxx-time=yes --with-default-libstdcxx-abi=new --enable-gnu-unique-object --disable-vtable-verify --enable-libmpx --enable-plugin --enable-default-pie --with-system-zlib --with-target-system-zlib --enable-objc-gc=auto --enable-multiarch --disable-werror --with-arch-32=i686 --with-abi=m64 --with-multilib-list=m32,m64,mx32 --enable-multilib --with-tune=generic --enable-offload-targets=nvptx-none --without-cuda-driver --enable-checking=release --build=x86_64-linux-gnu --host=x86_64-linux-gnu --target=x86_64-linux-gnu
Thread model: posix
gcc version 7.4.0 (Ubuntu 7.4.0-1ubuntu1~18.04.1) 
configure:2622: $? = 0
configure:2611: gcc -V >&5
gcc: error: unrecognized command line option '-V'
gcc: fatal error: no input files
compilation terminated.
configure:2622: $? = 1
configure:2611: gcc -qversion >&5
gcc: error: unrecognized command line option '-qversion'; did you mean '--version'?
gcc: fatal error: no input files
compilation terminated.
configure:2622: $? = 1
configure:2642: checking whether the C compiler works
configure:2664: gcc    conftest.c  >&5
configure:2668: $? = 0
configure:2716: result: yes
configure:2719: checking for C compiler default output file name
configure:2721: result: a.out
configure:2727: checking for suffix of executables
configure:2734: gcc -o conftest    conftest.c  >&5
configure:2738: $? = 0
configure:2760: result: 
configure:2782: checking whether we are cross compiling
configure:2790: gcc -o conftest    conftest.c  >&5
configure:2794: $? = 0
configure:2801: ./conftest
configure:2805: $? = 0
configure:2820: result: no
configure:2825: checking for suffix of object files
configure:2847: gcc -c   conftest.c >&5
configure:2851: $? = 0
configure:2872: result: o
configure:2876: checking whether we are using the GNU C compiler
configure:2895: gcc -c   conftest.c >&5
configure:2895: $? = 0
configure:2904: result: yes
configure:2913: checking whether gcc accepts -g
configure:2933: gcc -c -g  conftest.c >&5
configure:2933: $? = 0
configure:2974: result: yes
configure:2991: checking for gcc option to accept ISO C89
configure:3054: gcc  -c -g -O2  conftest.c >&5
configure:3054: $? = 0
configure:3067: result: none needed
configure:3093: checking how to run the C preprocessor
configure:3124: gcc -E  conftest.c
configure:3124: $? = 0
configure:3138: gcc -E  conftest.c
conftest.c:9:10: fatal error: ac_nonexistent.h: No such file or directory
 #include <ac_nonexistent.h>
          ^~~~~~~~~~~~~~~~~~
compilation terminated.
configure:3138: $? = 1
configure: failed program was:
| /* confdefs.h */
| #define PACKAGE_NAME ""
| #define PACKAGE_TARNAME ""
| #define PACKAGE_VERSION ""
| #define PACKAGE_STRING ""
| #define PACKAGE_BUGREPORT ""
| #define PACKAGE_URL ""
| /* end confdefs.h.  */
| #include <ac_nonexistent.h>
configure:3163: result: gcc -E
configure:3183: gcc -E  conftest.c
configure:3183: $? = 0
configure:3197: gcc -E  conftest.c
conftest.c:9:10: fatal error: ac_nonexistent.h: No such file or directory
 #include <ac_nonexistent.h>
          ^~~~~~~~~~~~~~~~~~
compilation terminated.
configure:3197: $? = 1
configure: failed program was:
| /* confdefs.h */
| #define PACKAGE_NAME ""
| #define PACKAGE_TARNAME ""
| #define PACKAGE_VERSION ""
| #define PACKAGE_STRING ""
| #define PACKAGE_BUGREPORT ""
| #define PACKAGE_URL ""
| /* end confdefs.h.  */
| #include <ac_nonexistent.h>
configure:3226: checking for grep that handles long lines and -e
configure:3284: result: /bin/grep
configure:3289: checking for egrep
configure:3351: result: /bin/grep -E
configure:3356: checking for ANSI C header files
configure:3376: gcc -c -g -O2  conftest.c >&5
configure:3376: $? = 0
configure:3449: gcc -o conftest -g -O2   conftest.c  >&5
configure:3449: $? = 0
configure:3449: ./conftest
configure:3449: $? = 0
configure:3460: result: yes
configure:3473: checking for sys/types.h
configure:3473: gcc -c -g -O2  conftest.c >&5
configure:3473: $? = 0
configure:3473: result: yes
configure:3473: checking for sys/stat.h
configure:3473: gcc -c -g -O2  conftest.c >&5
configure:3473: $? = 0
configure:3473: result: yes
configure:3473: checking for stdlib.h
configure:3473: gcc -c -g -O2  conftest.c >&5
configure:3473: $? = 0
configure:3473: result: yes
configure:3473: checking for string.h
configure:3473: gcc -c -g -O2  conftest.c >&5
configure:3473: $? = 0
configure:3473: result: yes
configure:3473: checking for memory.h
configure:3473: gcc -c -g -O2  conftest.c >&5
configure:3473: $? = 0
configure:3473: result: yes
configure:3473: checking for strings.h
configure:3473: gcc -c -g -O2  conftest.c >&5
configure:3473: $? = 0
configure:3473: result: yes
configure:3473: checking for inttypes.h
configure:3473: gcc -c -g -O2  conftest.c >&5
configure:3473: $? = 0
configure:3473: result: yes
configure:3473: checking for stdint.h
configure:3473: gcc -c -g -O2  conftest.c >&5
configure:3473: $? = 0
configure:3473: result: yes
configure:3473: checking for unistd.h
configure:3473: gcc -c -g -O2  conftest.c >&5
configure:3473: $? = 0
configure:3473: result: yes
configure:3676: checking for gcc
configure:3703: result: gcc
configure:3932: checking for C compiler version
configure:3941: gcc --version >&5
gcc (Ubuntu 7.4.0-1ubuntu1~18.04.1) 7.4.0
Copyright (C) 2017 Free Software Foundation, Inc.
This is free software; see the source for copying conditions.  There is NO
warranty; not even for MERCHANTABILITY or FITNESS FOR A PARTICULAR PURPOSE.

configure:3952: $? = 0
configure:3941: gcc -v >&5
Using built-in specs.
COLLECT_GCC=gcc
COLLECT_LTO_WRAPPER=/usr/lib/gcc/x86_64-linux-gnu/7/lto-wrapper
OFFLOAD_TARGET_NAMES=nvptx-none
OFFLOAD_TARGET_DEFAULT=1
Target: x86_64-linux-gnu
Configured with: ../src/configure -v --with-pkgversion='Ubuntu 7.4.0-1ubuntu1~18.04.1' --with-bugurl=file:///usr/share/doc/gcc-7/README.Bugs --enable-languages=c,ada,c++,go,brig,d,fortran,objc,obj-c++ --prefix=/usr --with-gcc-major-version-only --program-suffix=-7 --program-prefix=x86_64-linux-gnu- --enable-shared --enable-linker-build-id --libexecdir=/usr/lib --without-included-gettext --enable-threads=posix --libdir=/usr/lib --enable-nls --with-sysroot=/ --enable-clocale=gnu --enable-libstdcxx-debug --enable-libstdcxx-time=yes --with-default-libstdcxx-abi=new --enable-gnu-unique-object --disable-vtable-verify --enable-libmpx --enable-plugin --enable-default-pie --with-system-zlib --with-target-system-zlib --enable-objc-gc=auto --enable-multiarch --disable-werror --with-arch-32=i686 --with-abi=m64 --with-multilib-list=m32,m64,mx32 --enable-multilib --with-tune=generic --enable-offload-targets=nvptx-none --without-cuda-driver --enable-checking=release --build=x86_64-linux-gnu --host=x86_64-linux-gnu --target=x86_64-linux-gnu
Thread model: posix
gcc version 7.4.0 (Ubuntu 7.4.0-1ubuntu1~18.04.1) 
configure:3952: $? = 0
configure:3941: gcc -V >&5
gcc: error: unrecognized command line option '-V'
gcc: fatal error: no input files
compilation terminated.
configure:3952: $? = 1
configure:3941: gcc -qversion >&5
gcc: error: unrecognized command line option '-qversion'; did you mean '--version'?
gcc: fatal error: no input files
compilation terminated.
configure:3952: $? = 1
configure:3956: checking whether we are using the GNU C compiler
configure:3984: result: yes
configure:3993: checking whether gcc accepts -g
configure:4054: result: yes
configure:4071: checking for gcc option to accept ISO C89
configure:4147: result: none needed
configure:4181: checking for gfortran
configure:4211: result: no
configure:4181: checking for g95
configure:4211: result: no
configure:4181: checking for g77
configure:4211: result: no
configure:4181: checking for f77
configure:4211: result: no
configure:4181: checking for ifort
configure:4211: result: no
configure:4181: checking for f95
configure:4211: result: no
configure:4181: checking for f90
configure:4211: result: no
configure:4181: checking for xlf
configure:4211: result: no
configure:4181: checking for cf77
configure:4211: result: no
configure:4181: checking for gf77
configure:4211: result: no
configure:4181: checking for af77
configure:4211: result: no
configure:4181: checking for ncf
configure:4211: result: no
configure:4181: checking for f2c
configure:4211: result: no
configure:4221: WARNING: cfitsio: == No acceptable Fortran compiler found in $PATH
configure:4223: cfitsio: == Adding wrapper support for GNU Fortran by default
configure:4253: checking for ar
configure:4269: found /usr/bin/ar
configure:4281: result: ar
configure:4338: checking for ranlib
configure:4354: found /usr/bin/ranlib
configure:4365: result: ranlib
configure:4391: checking for stdlib.h
configure:4391: result: yes
configure:4391: checking for string.h
configure:4391: result: yes
configure:4391: checking math.h usability
configure:4391: gcc -c -g -O2  conftest.c >&5
configure:4391: $? = 0
configure:4391: result: yes
configure:4391: checking math.h presence
configure:4391: gcc -E  conftest.c
configure:4391: $? = 0
configure:4391: result: yes
configure:4391: checking for math.h
configure:4391: result: yes
configure:4391: checking limits.h usability
configure:4391: gcc -c -g -O2  conftest.c >&5
configure:4391: $? = 0
configure:4391: result: yes
configure:4391: checking limits.h presence
configure:4391: gcc -E  conftest.c
configure:4391: $? = 0
configure:4391: result: yes
configure:4391: checking for limits.h
configure:4391: result: yes
configure:4414: gcc -c -g -O2  conftest.c >&5
configure:4414: $? = 0
configure:4775: checking "whether ftruncate works"
configure:4791: gcc -o conftest -g -O2 -Dg77Fortran -fPIC  -g -O2 conftest.c  >&5
conftest.c: In function 'main':
conftest.c:31:1: warning: ignoring return value of 'ftruncate', declared with attribute warn_unused_result [-Wunused-result]
 ftruncate(0, 0);
 ^~~~~~~~~~~~~~~
configure:4791: $? = 0
configure:4795: result: "yes"
configure:4809: checking "whether long long is defined"
configure:4825: gcc -c -g -O2 -Dg77Fortran -fPIC  conftest.c >&5
configure:4825: $? = 0
configure:4829: result: "yes"
configure:4850: checking "whether system V style IPC services are supported"
configure:4871: gcc -o conftest -g -O2 -Dg77Fortran -fPIC  -g -O2 conftest.c  >&5
configure:4871: $? = 0
configure:4876: result: "yes"
configure:4892: checking "do we have flock_t defined in sys/fcntl.h"
configure:4908: gcc -c -g -O2 -Dg77Fortran -fPIC  conftest.c >&5
conftest.c: In function 'main':
conftest.c:34:1: error: unknown type name 'flock_t'; did you mean '__clock_t'?
 flock_t filler;
 ^~~~~~~
 __clock_t
configure:4908: $? = 1
configure: failed program was:
| /* confdefs.h */
| #define PACKAGE_NAME ""
| #define PACKAGE_TARNAME ""
| #define PACKAGE_VERSION ""
| #define PACKAGE_STRING ""
| #define PACKAGE_BUGREPORT ""
| #define PACKAGE_URL ""
| #define STDC_HEADERS 1
| #define HAVE_SYS_TYPES_H 1
| #define HAVE_SYS_STAT_H 1
| #define HAVE_STDLIB_H 1
| #define HAVE_STRING_H 1
| #define HAVE_MEMORY_H 1
| #define HAVE_STRINGS_H 1
| #define HAVE_INTTYPES_H 1
| #define HAVE_STDINT_H 1
| #define HAVE_UNISTD_H 1
| #define HAVE_STDLIB_H 1
| #define HAVE_STRING_H 1
| #define HAVE_MATH_H 1
| #define HAVE_LIMITS_H 1
| #define _LARGEFILE_SOURCE 1
| #define _FILE_OFFSET_BITS 64
| #define HAVE_FTRUNCATE 1
| #define HAVE_LONGLONG 1
| #define HAVE_SHMEM_SERVICES 1
| /* end confdefs.h.  */
| #include <sys/fcntl.h>
| 
| int
| main ()
| {
| 
| flock_t filler;
| 
|   ;
|   return 0;
| }
configure:4916: result: "no"
configure:4922: checking "do we have flock_t defined in sys/flock.h"
configure:4938: gcc -c -g -O2 -Dg77Fortran -fPIC  conftest.c >&5
conftest.c:28:10: fatal error: sys/flock.h: No such file or directory
 #include <sys/flock.h>
          ^~~~~~~~~~~~~
compilation terminated.
configure:4938: $? = 1
configure: failed program was:
| /* confdefs.h */
| #define PACKAGE_NAME ""
| #define PACKAGE_TARNAME ""
| #define PACKAGE_VERSION ""
| #define PACKAGE_STRING ""
| #define PACKAGE_BUGREPORT ""
| #define PACKAGE_URL ""
| #define STDC_HEADERS 1
| #define HAVE_SYS_TYPES_H 1
| #define HAVE_SYS_STAT_H 1
| #define HAVE_STDLIB_H 1
| #define HAVE_STRING_H 1
| #define HAVE_MEMORY_H 1
| #define HAVE_STRINGS_H 1
| #define HAVE_INTTYPES_H 1
| #define HAVE_STDINT_H 1
| #define HAVE_UNISTD_H 1
| #define HAVE_STDLIB_H 1
| #define HAVE_STRING_H 1
| #define HAVE_MATH_H 1
| #define HAVE_LIMITS_H 1
| #define _LARGEFILE_SOURCE 1
| #define _FILE_OFFSET_BITS 64
| #define HAVE_FTRUNCATE 1
| #define HAVE_LONGLONG 1
| #define HAVE_SHMEM_SERVICES 1
| /* end confdefs.h.  */
| #include <sys/flock.h>
| 
| int
| main ()
| {
| 
|    flock_t filler;
| 
|   ;
|   return 0;
| }
configure:4946: result: "no"
configure:4957: checking "do we have union semun defined"
configure:4975: gcc -c -g -O2 -Dg77Fortran -fPIC  conftest.c >&5
conftest.c: In function 'main':
conftest.c:36:13: error: storage size of 'filler' isn't known
 union semun filler;
             ^~~~~~
configure:4975: $? = 1
configure: failed program was:
| /* confdefs.h */
| #define PACKAGE_NAME ""
| #define PACKAGE_TARNAME ""
| #define PACKAGE_VERSION ""
| #define PACKAGE_STRING ""
| #define PACKAGE_BUGREPORT ""
| #define PACKAGE_URL ""
| #define STDC_HEADERS 1
| #define HAVE_SYS_TYPES_H 1
| #define HAVE_SYS_STAT_H 1
| #define HAVE_STDLIB_H 1
| #define HAVE_STRING_H 1
| #define HAVE_MEMORY_H 1
| #define HAVE_STRINGS_H 1
| #define HAVE_INTTYPES_H 1
| #define HAVE_STDINT_H 1
| #define HAVE_UNISTD_H 1
| #define HAVE_STDLIB_H 1
| #define HAVE_STRING_H 1
| #define HAVE_MATH_H 1
| #define HAVE_LIMITS_H 1
| #define _LARGEFILE_SOURCE 1
| #define _FILE_OFFSET_BITS 64
| #define HAVE_FTRUNCATE 1
| #define HAVE_LONGLONG 1
| #define HAVE_SHMEM_SERVICES 1
| /* end confdefs.h.  */
| #include <sys/ipc.h>
| #include <sys/shm.h>
| #include <sys/sem.h>
| 
| int
| main ()
| {
| 
| union semun filler;
| 
|   ;
|   return 0;
| }
configure:4983: result: "no"
configure:4991: checking for library containing gethostbyname
configure:5022: gcc -o conftest -g -O2 -Dg77Fortran -fPIC  -g -O2 conftest.c  >&5
configure:5022: $? = 0
configure:5039: result: none required
configure:5049: checking for library containing connect
configure:5080: gcc -o conftest -g -O2 -Dg77Fortran -fPIC  -g -O2 conftest.c  >&5
configure:5080: $? = 0
configure:5097: result: none required
configure:5317: creating ./config.status

## ---------------------- ##
## Running config.status. ##
## ---------------------- ##

This file was extended by config.status, which was
generated by GNU Autoconf 2.69.  Invocation command line was

  CONFIG_FILES    = 
  CONFIG_HEADERS  = 
  CONFIG_LINKS    = 
  CONFIG_COMMANDS = 
  $ ./config.status 

on martinez-laptop

config.status:754: creating Makefile
configure:6318: WARNING: unrecognized options: --enable-shared, --enable-static
configure:6474: creating ./config.status

## ---------------------- ##
## Running config.status. ##
## ---------------------- ##

This file was extended by config.status, which was
generated by GNU Autoconf 2.69.  Invocation command line was

  CONFIG_FILES    = 
  CONFIG_HEADERS  = 
  CONFIG_LINKS    = 
  CONFIG_COMMANDS = 
  $ ./config.status 

on martinez-laptop

config.status:755: creating Makefile
config.status:755: creating cfitsio.pc
configure:7476: WARNING: unrecognized options: --enable-shared, --enable-static
configure:7482: result: 
configure:7484: result:     Congratulations, Makefile update was successful.
configure:7486: result:     You may want to run "make" now.
configure:7488: result: 

## ---------------- ##
## Cache variables. ##
## ---------------- ##

ac_cv_build=x86_64-unknown-linux-gnu
ac_cv_c_compiler_gnu=yes
ac_cv_env_CC_set=
ac_cv_env_CC_value=
ac_cv_env_CFLAGS_set=
ac_cv_env_CFLAGS_value=
ac_cv_env_CPPFLAGS_set=
ac_cv_env_CPPFLAGS_value=
ac_cv_env_CPP_set=
ac_cv_env_CPP_value=
ac_cv_env_LDFLAGS_set=
ac_cv_env_LDFLAGS_value=
ac_cv_env_LIBS_set=
ac_cv_env_LIBS_value=
ac_cv_env_build_alias_set=
ac_cv_env_build_alias_value=
ac_cv_env_host_alias_set=
ac_cv_env_host_alias_value=
ac_cv_env_target_alias_set=
ac_cv_env_target_alias_value=
ac_cv_header_inttypes_h=yes
ac_cv_header_limits_h=yes
ac_cv_header_math_h=yes
ac_cv_header_memory_h=yes
ac_cv_header_stdc=yes
ac_cv_header_stdint_h=yes
ac_cv_header_stdlib_h=yes
ac_cv_header_string_h=yes
ac_cv_header_strings_h=yes
ac_cv_header_sys_stat_h=yes
ac_cv_header_sys_types_h=yes
ac_cv_header_unistd_h=yes
ac_cv_host=x86_64-unknown-linux-gnu
ac_cv_objext=o
ac_cv_path_EGREP='/bin/grep -E'
ac_cv_path_GREP=/bin/grep
ac_cv_prog_AR=ar
ac_cv_prog_CPP='gcc -E'
ac_cv_prog_ac_ct_CC=gcc
ac_cv_prog_ac_ct_RANLIB=ranlib
ac_cv_prog_cc_c89=
ac_cv_prog_cc_g=yes
ac_cv_search_connect='none required'
ac_cv_search_gethostbyname='none required'
ac_cv_target=x86_64-unknown-linux-gnu

## ----------------- ##
## Output variables. ##
## ----------------- ##

AR='ar'
ARCH='linux'
ARCHIVE='ar rv'
CC='gcc'
CFITSIO_MAJOR='3'
CFITSIO_MINOR='38'
CFITSIO_SHLIB='lib${PACKAGE}${SHLIB_SUFFIX}.${CFITSIO_SONAME}.${CFITSIO_MAJOR}.${CFITSIO_MINOR}'
CFITSIO_SHLIB_SONAME='lib${PACKAGE}${SHLIB_SUFFIX}.${CFITSIO_SONAME}'
CFITSIO_SONAME='4'
CFLAGS='-g -O2 -Dg77Fortran -fPIC'
CPP='gcc -E'
CPPFLAGS=''
DEFS='-DPACKAGE_NAME=\"\" -DPACKAGE_TARNAME=\"\" -DPACKAGE_VERSION=\"\" -DPACKAGE_STRING=\"\" -DPACKAGE_BUGREPORT=\"\" -DPACKAGE_URL=\"\" -DSTDC_HEADERS=1 -DHAVE_SYS_TYPES_H=1 -DHAVE_SYS_STAT_H=1 -DHAVE_STDLIB_H=1 -DHAVE_STRING_H=1 -DHAVE_MEMORY_H=1 -DHAVE_STRINGS_H=1 -DHAVE_INTTYPES_H=1 -DHAVE_STDINT_H=1 -DHAVE_UNISTD_H=1 -DHAVE_STDLIB_H=1 -DHAVE_STRING_H=1 -DHAVE_MATH_H=1 -DHAVE_LIMITS_H=1 -D_LARGEFILE_SOURCE=1 -D_FILE_OFFSET_BITS=64 -DHAVE_FTRUNCATE=1 -DHAVE_LONGLONG=1 -DHAVE_SHMEM_SERVICES=1 -DHAVE_NET_SERVICES=1'
ECHO_C=''
ECHO_N='-n'
ECHO_T=''
EGREP='/bin/grep -E'
EXEEXT=''
F77_WRAPPERS='${FITSIO_SRC}'
FC='notfound'
GCCVERSION='7'
GREP='/bin/grep'
INSTALL_ROOT='${prefix}'
LDFLAGS='-g -O2'
LIBOBJS=''
LIBPRE=''
LIBS=''
LTLIBOBJS=''
OBJEXT='o'
PACKAGE_BUGREPORT=''
PACKAGE_NAME=''
PACKAGE_STRING=''
PACKAGE_TARNAME=''
PACKAGE_URL=''
PACKAGE_VERSION=''
PATH_SEPARATOR=':'
RANLIB='ranlib'
SHELL='/bin/bash'
SHLIB_LD='gcc -shared -Wl,-soname,lib${PACKAGE}${SHLIB_SUFFIX}.${CFITSIO_SONAME}'
SHLIB_SUFFIX='.so'
SSE_FLAGS=''
ac_ct_CC='gcc'
bindir='${exec_prefix}/bin'
build='x86_64-unknown-linux-gnu'
build_alias=''
build_cpu='x86_64'
build_os='linux-gnu'
build_vendor='unknown'
datadir='${datarootdir}'
datarootdir='${prefix}/share'
docdir='${datarootdir}/doc/${PACKAGE}'
dvidir='${docdir}'
exec_prefix='${prefix}'
host='x86_64-unknown-linux-gnu'
host_alias=''
host_cpu='x86_64'
host_os='linux-gnu'
host_vendor='unknown'
htmldir='${docdir}'
includedir='${prefix}/include'
infodir='${datarootdir}/info'
libdir='${exec_prefix}/lib'
libexecdir='${exec_prefix}/libexec'
localedir='${datarootdir}/locale'
localstatedir='${prefix}/var'
mandir='${datarootdir}/man'
my_shmem='${SOURCES_SHMEM}'
oldincludedir='/usr/include'
pdfdir='${docdir}'
prefix='/home/martinez/workspace/pyseg_git/pyseg_system/sys/soft/cfitsio'
program_transform_name='s,x,x,'
psdir='${docdir}'
sbindir='${exec_prefix}/sbin'
sharedstatedir='${prefix}/com'
sysconfdir='${prefix}/etc'
target='x86_64-unknown-linux-gnu'
target_alias=''
target_cpu='x86_64'
target_os='linux-gnu'
target_vendor='unknown'

## ----------- ##
## confdefs.h. ##
## ----------- ##

/* confdefs.h */
#define PACKAGE_NAME ""
#define PACKAGE_TARNAME ""
#define PACKAGE_VERSION ""
#define PACKAGE_STRING ""
#define PACKAGE_BUGREPORT ""
#define PACKAGE_URL ""
#define STDC_HEADERS 1
#define HAVE_SYS_TYPES_H 1
#define HAVE_SYS_STAT_H 1
#define HAVE_STDLIB_H 1
#define HAVE_STRING_H 1
#define HAVE_MEMORY_H 1
#define HAVE_STRINGS_H 1
#define HAVE_INTTYPES_H 1
#define HAVE_STDINT_H 1
#define HAVE_UNISTD_H 1
#define HAVE_STDLIB_H 1
#define HAVE_STRING_H 1
#define HAVE_MATH_H 1
#define HAVE_LIMITS_H 1
#define _LARGEFILE_SOURCE 1
#define _FILE_OFFSET_BITS 64
#define HAVE_FTRUNCATE 1
#define HAVE_LONGLONG 1
#define HAVE_SHMEM_SERVICES 1
#define HAVE_NET_SERVICES 1

configure: exit 0
